af=2b7f9b5631853abc5d5f80c482e02eb1592ac3554acde1b4e5f6c32d98dbb1fb
ar=
az=f857f9d9e131c2775f5cb780720bfb0e36c47a9d1e5ef22e0e14f9edac1aaad5
bg=03e5f72bc1c69f004b147de9340b40cc07f692fe44e42ae04d1c8409463fb792
bn=1416f2dd5d2cc56a3f0b20ea242fc5f2a60381a620a4e16f0eb125d84ab7a611
cs=118582befe626d446040fb6593a08cf0cc42349a89be5a04c52b9231307e43f2
de=8316284f9979117eb55f19cf6f9427810c78ecf479ef1ec7fd990069c8cb8fb6
en=
en_gb=
es=
es_es=03aed6ec163b6bab7e1d122e21305c52676d9adecc2d355b6565e8867b2c753d
fa=827c195f63e1325aedb9853b63a0fde517e20c9e127fb8441caf2d409d4dbdf6
fi=d365af588ac334d94e1b36643183ffdbd16d15e21da2ee0aa8ed707560188745
fr=
fr_ca=10df484b73bf876800948f32bb7d80146800fd474d76aca076f9eb8f630965d7
gu=9bdc70e3681a0e0b55d8c01f0cb8e6d37006b5785c89cd0c96a0bfb504875967
hi=
hr=5035e006c2f1558d0f9052f61c12ca1c5d39340b03cb8f1e0b08f501b3968810
hu=cd1d89bc2a4a01d7ddd2e1de92eba45ab4f04c44c8d5853add34e98939f8fa46
in=
it=f8316a07ea0d62b92e08b3be91ee217827d8543427e465cc4dbc73887590e9d8
ja=1d6d918b77f2740decfc722c9e473cb56e80f521d01d37a5c306ab2c548e69f2
ka=81e4fa0b8d1e6b55c293425df01f6a1c022d739671e087d64a7bac67d9504c81
kn=42e50837f689d71959798c9888d3dd0c148caf0ae4725a9a82146ac10e57752a
ko=a232b02b0efc3fc4ee2a57f254b4995df09f6438c92881d5776e97343c83816c
ml=3f238e5a09739449259e4cd063460c8dda100b2e1098fc02c7e24bf0b2ff3eab
mr=027de0f1d287e9c85d7b979386b1c8334522b75558d85316eb43f60f0dd65901
ms=e41a7ed6a81087eec2251a40217bf08c14be0fe974defcb9cbafb064b9520ef5
pl=d448e3623fc4aab583aa64eb6aebd77e4ff0afcd1dece0b75764ac2567c88dec
pt=01e3d6dd926d0aef5288d5021d223551508abc3f9a2d28851e4892feac42cd70
pt_br=
ro=4be28e7976f95ca8f376742c024e88ef3d9d2ac5a4e11839ce9132a785b908f2
ru=
si=8a9e97b775e69eedf1aab1a94d5ff2ca853d1804e6c09e12e7c514e178cdbf61
sk=d433791f1fb9b394196fea99ba214070a9484fd042c0feb456a607bcfa1251d3
sr=e13fedd660a2b4b3aa5d445c0e9afa2ed47faccdfb4b09b73d1f64d84d0f6388
sv=1ac96879ae5513f6026f6c1b2a541946db400eeaa8e20c0556d6852c97d47642
sw=956231874384f4fb5c74a578162ad7c1252a8b32a5042de13ffe9bbe2a957d01
ta=3d3d6433141151108678277522e2d2c187fe8c54ec4f1a26efffe38a28f51765
te=4e2e9cec5bf6673602273a31cbc3792307518521dd3308292b12b39bd6b0cef3
th=954d2c0079789ca6f13c9be7d2c06ed6b21684a2f01dd17ee5a5ef8398302a96
tr=79aa85745841d57b6a1794da83af89e15d8c3f434017c02a31f35dc49f383f2a
uk=792e9f503839c8e62dd468ae1c4bce7de7909532eab548404919da435f8fca8e
ur=28126572cb1e19d86e0c5388ab5de4d8b765b37ae092da1d97514b5eef8de36f
vi=764cdfea8a9c72d017cc2b0dbfbb1e2f63da3e249d5325cfb6d2a4d99a7a4a30
zh=fc32fe0148392b52124244a74499ef10d32ac0863e4ef871f7291679451a5007
